[rospy.client][INFO] 2023-06-08 16:36:15,742: init_node, name[/turtlebro_patrol], pid[6943]
[xmlrpc][INFO] 2023-06-08 16:36:15,745: XML-RPC server binding to 0.0.0.0:0
[xmlrpc][INFO] 2023-06-08 16:36:15,758: Started XML-RPC server [http://192.168.1.250:42751/]
[rospy.init][INFO] 2023-06-08 16:36:15,759: ROS Slave URI: [http://192.168.1.250:42751/]
[rospy.impl.masterslave][INFO] 2023-06-08 16:36:15,760: _ready: http://192.168.1.250:42751/
[rospy.registration][INFO] 2023-06-08 16:36:15,767: Registering with master node http://192.168.1.250:11311
[xmlrpc][INFO] 2023-06-08 16:36:15,770: xml rpc node: starting XML-RPC server
[rospy.init][INFO] 2023-06-08 16:36:15,862: registered with master
[rospy.rosout][INFO] 2023-06-08 16:36:15,863: initializing /rosout core topic
[rospy.rosout][INFO] 2023-06-08 16:36:15,901: connected to core topic /rosout
[rospy.simtime][INFO] 2023-06-08 16:36:15,922: /use_sim_time is not set, will not subscribe to simulated time [/clock] topic
[rosout][INFO] 2023-06-08 16:36:15,971: Patrol: TOML Parsing started
[rosout][INFO] 2023-06-08 16:36:16,001: Loading config file /home/pi/catkin_ws/src/turtlebro_extra/turtlebro_excursions/data/goals.toml
[rosout][INFO] 2023-06-08 16:36:16,048: Patrol Points: {'home': {'pose': {'x': 0, 'y': 0, 'theta': 0}, 'text': 'Я дома', 'name': 'home'}, 'patrolling': [{'name': 'Painting 1', 'pose': {'x': 0.2, 'y': 0, 'theta': 90}, 'text': ''}, {'name': 'Painting 2', 'pose': {'x': 0.2, 'y': -0.5, 'theta': 0}, 'text': ''}, {'name': 'Painting 3', 'pose': {'x': 0, 'y': -0.5, 'theta': -45}, 'text': ''}, {'name': 'Painting 4', 'pose': {'x': 0.5, 'y': 0, 'theta': 0}, 'text': ''}, {'name': 'Painting 5', 'pose': {'x': 0.5, 'y': -0.5, 'theta': 90}, 'text': ''}, {'name': 'Painting 6', 'pose': {'x': 1, 'y': -0.5, 'theta': -45}, 'text': ''}, {'name': 'Painting 7', 'pose': {'x': 1, 'y': 0, 'theta': 90}, 'text': ''}, {'name': 'Painting 8', 'pose': {'x': 1.2, 'y': -0.5, 'theta': -45}, 'text': ''}]}
[rospy.internal][INFO] 2023-06-08 16:36:16,140: topic[/rosout] adding connection to [/rosout], count 0
[rospy.internal][INFO] 2023-06-08 16:36:16,236: topic[/move_base/goal] adding connection to [/fake_move_base], count 0
[rospy.internal][INFO] 2023-06-08 16:36:16,251: topic[/move_base/cancel] adding connection to [/fake_move_base], count 0
[rospy.internal][INFO] 2023-06-08 16:36:16,258: topic[/cmd_vel] adding connection to [/stm_serial_node], count 0
[rospy.internal][INFO] 2023-06-08 16:36:16,285: topic[/move_base/status] adding connection to [http://192.168.1.250:45089/], count 0
[rosout][INFO] 2023-06-08 16:36:16,303: Waiting move_base action
[rospy.internal][INFO] 2023-06-08 16:36:16,354: topic[/move_base/result] adding connection to [http://192.168.1.250:45089/], count 0
[rospy.internal][INFO] 2023-06-08 16:36:16,372: topic[/move_base/feedback] adding connection to [http://192.168.1.250:45089/], count 0
[rosout][INFO] 2023-06-08 16:36:16,392: Waiting point callback service : point_aruco
[rosout][INFO] 2023-06-08 16:36:20,415: Init service: point_aruco
[rosout][INFO] 2023-06-08 16:36:20,426: Init done
[rosout][INFO] 2023-06-08 16:36:26,621: Patrol: start sequence received
[rosout][INFO] 2023-06-08 16:36:26,634: Patrol: created goal from point Painting 1 
[rosout][INFO] 2023-06-08 16:36:31,699: Patrol: Goal reached Painting 1
[rosout][INFO] 2023-06-08 16:36:31,711: Call patrol Service
[rosout][INFO] 2023-06-08 16:36:38,252: Call patrol Service: finish
[rosout][INFO] 2023-06-08 16:36:38,763: Patrol: created goal from point Painting 2 
[rosout][INFO] 2023-06-08 16:36:43,822: Patrol: Goal reached Painting 2
[rosout][INFO] 2023-06-08 16:36:43,833: Call patrol Service
[rosout][INFO] 2023-06-08 16:36:48,847: Call patrol Service: finish
[rosout][INFO] 2023-06-08 16:36:49,362: Patrol: created goal from point Painting 3 
[rosout][INFO] 2023-06-08 16:36:54,452: Patrol: Goal reached Painting 3
[rosout][INFO] 2023-06-08 16:36:54,463: Call patrol Service
[rosout][INFO] 2023-06-08 16:37:01,520: Call patrol Service: finish
[rosout][INFO] 2023-06-08 16:37:02,033: Patrol: created goal from point Painting 4 
[rosout][INFO] 2023-06-08 16:37:07,086: Patrol: Goal reached Painting 4
[rosout][INFO] 2023-06-08 16:37:07,097: Call patrol Service
[rosout][INFO] 2023-06-08 16:37:13,816: Call patrol Service: finish
[rosout][INFO] 2023-06-08 16:37:14,328: Patrol: created goal from point Painting 5 
[rosout][INFO] 2023-06-08 16:37:19,419: Patrol: Goal reached Painting 5
[rosout][INFO] 2023-06-08 16:37:19,430: Call patrol Service
[rosout][INFO] 2023-06-08 16:37:26,712: Call patrol Service: finish
[rosout][INFO] 2023-06-08 16:37:27,226: Patrol: created goal from point Painting 6 
[rosout][INFO] 2023-06-08 16:37:32,352: Patrol: Goal reached Painting 6
[rosout][INFO] 2023-06-08 16:37:32,364: Call patrol Service
[rosout][INFO] 2023-06-08 16:37:38,153: Call patrol Service: finish
[rosout][INFO] 2023-06-08 16:37:38,665: Patrol: created goal from point Painting 7 
[rosout][INFO] 2023-06-08 16:37:43,780: Patrol: Goal reached Painting 7
[rosout][INFO] 2023-06-08 16:37:43,792: Call patrol Service
[rosout][INFO] 2023-06-08 16:37:48,903: Call patrol Service: finish
[rosout][INFO] 2023-06-08 16:37:49,420: Patrol: created goal from point Painting 8 
[rosout][INFO] 2023-06-08 16:37:54,507: Patrol: Goal reached Painting 8
[rosout][INFO] 2023-06-08 16:37:54,519: Call patrol Service
[rosout][INFO] 2023-06-08 16:38:02,768: Call patrol Service: finish
[rosout][INFO] 2023-06-08 16:38:03,282: Patrol: created goal from point Painting 1 
[rosout][INFO] 2023-06-08 16:38:08,344: Patrol: Goal reached Painting 1
[rosout][INFO] 2023-06-08 16:38:08,356: Call patrol Service
[rosout][INFO] 2023-06-08 16:38:14,926: Call patrol Service: finish
[rosout][INFO] 2023-06-08 16:38:15,441: Patrol: created goal from point Painting 2 
[rosout][INFO] 2023-06-08 16:38:20,576: Patrol: Goal reached Painting 2
[rosout][INFO] 2023-06-08 16:38:20,588: Call patrol Service
[rosout][INFO] 2023-06-08 16:38:25,541: Call patrol Service: finish
[rosout][INFO] 2023-06-08 16:38:26,055: Patrol: created goal from point Painting 3 
[rosout][INFO] 2023-06-08 16:38:31,202: Patrol: Goal reached Painting 3
[rosout][INFO] 2023-06-08 16:38:31,214: Call patrol Service
[rosout][INFO] 2023-06-08 16:38:38,330: Call patrol Service: finish
[rosout][INFO] 2023-06-08 16:38:38,844: Patrol: created goal from point Painting 4 
[rosout][INFO] 2023-06-08 16:38:43,939: Patrol: Goal reached Painting 4
[rosout][INFO] 2023-06-08 16:38:43,952: Call patrol Service
[rosout][INFO] 2023-06-08 16:38:50,630: Call patrol Service: finish
[rosout][INFO] 2023-06-08 16:38:51,143: Patrol: created goal from point Painting 5 
[rosout][INFO] 2023-06-08 16:38:56,262: Patrol: Goal reached Painting 5
[rosout][INFO] 2023-06-08 16:38:56,271: Call patrol Service
[rosout][INFO] 2023-06-08 16:39:03,609: Call patrol Service: finish
[rosout][INFO] 2023-06-08 16:39:04,125: Patrol: created goal from point Painting 6 
[rosout][INFO] 2023-06-08 16:39:09,198: Patrol: Goal reached Painting 6
[rosout][INFO] 2023-06-08 16:39:09,210: Call patrol Service
[rosout][INFO] 2023-06-08 16:39:15,232: Call patrol Service: finish
[rosout][INFO] 2023-06-08 16:39:15,748: Patrol: created goal from point Painting 7 
[rosout][INFO] 2023-06-08 16:39:20,824: Patrol: Goal reached Painting 7
[rosout][INFO] 2023-06-08 16:39:20,832: Call patrol Service
[rosout][INFO] 2023-06-08 16:39:25,906: Call patrol Service: finish
[rosout][INFO] 2023-06-08 16:39:26,425: Patrol: created goal from point Painting 8 
[rosout][INFO] 2023-06-08 16:39:31,552: Patrol: Goal reached Painting 8
[rosout][INFO] 2023-06-08 16:39:31,563: Call patrol Service
[rosout][INFO] 2023-06-08 16:39:37,587: Patrol: shutdown sequence received
[rospy.core][INFO] 2023-06-08 16:39:37,745: signal_shutdown [Have shutdown command in patrol_control service]
[rosout][INFO] 2023-06-08 16:39:37,746: Shutdown my patrol
[rospy.internal][INFO] 2023-06-08 16:39:37,761: topic impl's ref count is zero, deleting topic /move_base/goal...
[rospy.internal][INFO] 2023-06-08 16:39:37,765: topic[/move_base/goal] removing connection to /fake_move_base
[rospy.internal][INFO] 2023-06-08 16:39:37,776: topic impl's ref count is zero, deleting topic /move_base/cancel...
[rospy.internal][INFO] 2023-06-08 16:39:37,778: topic[/move_base/cancel] removing connection to /fake_move_base
[rospy.internal][INFO] 2023-06-08 16:39:37,791: topic impl's ref count is zero, deleting topic /move_base/status...
[rospy.internal][INFO] 2023-06-08 16:39:37,793: topic[/move_base/status] removing connection to http://192.168.1.250:45089/
[rospy.internal][INFO] 2023-06-08 16:39:37,806: topic impl's ref count is zero, deleting topic /move_base/result...
[rospy.internal][INFO] 2023-06-08 16:39:37,808: topic[/move_base/result] removing connection to http://192.168.1.250:45089/
[rospy.internal][INFO] 2023-06-08 16:39:37,823: topic impl's ref count is zero, deleting topic /move_base/feedback...
[rospy.internal][INFO] 2023-06-08 16:39:37,825: topic[/move_base/feedback] removing connection to http://192.168.1.250:45089/
[rospy.internal][INFO] 2023-06-08 16:39:38,366: topic[/rosout] removing connection to /rosout
[rospy.internal][INFO] 2023-06-08 16:39:38,375: topic[/cmd_vel] removing connection to /stm_serial_node
[rospy.impl.masterslave][INFO] 2023-06-08 16:39:38,377: Have shutdown command in patrol_control service
[rospy.core][INFO] 2023-06-08 16:39:39,041: signal_shutdown [atexit]
